<?xml version="1.0" encoding="UTF-8"?>
<!-- Generated by org.testng.reporters.JUnitReportReporter -->
<testsuite hostname="DESKTOP-R9EEI9B" failures="0" tests="1" name="com.SauceDemo.Testclasses.TC02LogoutFunctionality" time="14.446" errors="0" timestamp="2022-06-15T15:29:05 IST" skipped="0">
  <testcase classname="com.SauceDemo.Testclasses.TC02LogoutFunctionality" name="LogoutFunctionalityTest" time="14.446"/>
  <system-out/>
</testsuite> <!-- com.SauceDemo.Testclasses.TC02LogoutFunctionality -->
